0 info it worked if it ends with ok
1 verbose cli [ '/usr/bin/node',
1 verbose cli   '/usr/bin/npm',
1 verbose cli   'login',
1 verbose cli   '--registry=https://npm.pkg.github.com' ]
2 info using npm@3.10.10
3 info using node@v6.17.1
4 warn Name may not contain non-url-safe chars
5 verbose stack Error: canceled
5 verbose stack     at Interface.<anonymous> (/usr/lib/node_modules/npm/node_modules.bundled/read/lib/read.js:66:13)
5 verbose stack     at emitNone (events.js:86:13)
5 verbose stack     at Interface.emit (events.js:185:7)
5 verbose stack     at Interface._ttyWrite (readline.js:725:16)
5 verbose stack     at ReadStream.onkeypress (readline.js:119:10)
5 verbose stack     at emitTwo (events.js:106:13)
5 verbose stack     at ReadStream.emit (events.js:191:7)
5 verbose stack     at emitKeys (internal/readline.js:389:14)
5 verbose stack     at next (native)
5 verbose stack     at ReadStream.onData (readline.js:971:36)
6 verbose cwd /home/yuxin/research_project/projects/enMCB
7 error Linux 3.10.0-957.10.1.el7.x86_64
8 error argv "/usr/bin/node" "/usr/bin/npm" "login" "--registry=https://npm.pkg.github.com"
9 error node v6.17.1
10 error npm  v3.10.10
11 error canceled
12 error If you need help, you may report this error at:
12 error     <https://github.com/npm/npm/issues>
13 verbose exit [ 1, true ]
